<?xml version="1.0" encoding="UTF-8"?>
<testng-results skipped="0" failed="0" ignored="0" total="1" passed="1">
  <reporter-output>
  </reporter-output>
  <suite name="Surefire suite" duration-ms="27" started-at="2021-12-30T22:43:06 CST" finished-at="2021-12-30T22:43:06 CST">
    <groups>
    </groups>
    <test name="Surefire test" duration-ms="27" started-at="2021-12-30T22:43:06 CST" finished-at="2021-12-30T22:43:06 CST">
      <class name="academy.QAClickProject.AppTest">
        <test-method status="PASS" signature="shouldAnswerWithTrue()" name="shouldAnswerWithTrue" duration-ms="3" started-at="2021-12-30T22:43:06 CST" finished-at="2021-12-30T22:43:06 CST">
          <reporter-output>
          </reporter-output>
        </test-method> <!-- shouldAnswerWithTrue -->
      </class> <!-- academy.QAClickProject.AppTest -->
    </test> <!-- Surefire test -->
  </suite> <!-- Surefire suite -->
</testng-results>
