<?xml version="1.0" encoding="UTF-8"?>
<testng-results ignored="0" total="1" passed="1" failed="0" skipped="0">
  <reporter-output>
  </reporter-output>
  <suite started-at="2021-12-28T21:59:24 CST" name="Default suite" finished-at="2021-12-28T21:59:35 CST" duration-ms="11276">
    <groups>
    </groups>
    <test started-at="2021-12-28T21:59:24 CST" name="Default test" finished-at="2021-12-28T21:59:35 CST" duration-ms="11276">
      <class name="Tests.HomePageTest">
        <test-method is-config="true" signature="setUp()[pri:0, instance:Tests.HomePageTest@64dafeed]" started-at="2021-12-28T21:59:24 CST" name="setUp" finished-at="2021-12-28T21:59:29 CST" duration-ms="4554" status="PASS">
          <reporter-output>
          </reporter-output>
        </test-method> <!-- setUp -->
        <test-method signature="basePageNavigation()[pri:0, instance:Tests.HomePageTest@64dafeed]" started-at="2021-12-28T21:59:29 CST" name="basePageNavigation" finished-at="2021-12-28T21:59:35 CST" duration-ms="5959" status="PASS">
          <reporter-output>
          </reporter-output>
        </test-method> <!-- basePageNavigation -->
        <test-method is-config="true" signature="tearDown()[pri:0, instance:Tests.HomePageTest@64dafeed]" started-at="2021-12-28T21:59:35 CST" name="tearDown" finished-at="2021-12-28T21:59:35 CST" duration-ms="740" status="PASS">
          <reporter-output>
          </reporter-output>
        </test-method> <!-- tearDown -->
      </class> <!-- Tests.HomePageTest -->
    </test> <!-- Default test -->
  </suite> <!-- Default suite -->
</testng-results>
